0 info it worked if it ends with ok
1 verbose cli [ 'C:\\dev\\nodejs\\\\node.exe',
1 verbose cli   'C:\\dev\\nodejs\\node_modules\\npm\\bin\\npm-cli.js',
1 verbose cli   'start' ]
2 info using npm@2.5.1
3 info using node@v0.12.0
4 verbose node symlink C:\dev\nodejs\\node.exe
5 verbose run-script [ 'prestart', 'start', 'poststart' ]
6 info prestart Exercise-1@1.0.0
7 info start Exercise-1@1.0.0
8 verbose unsafe-perm in lifecycle true
9 info Exercise-1@1.0.0 Failed to exec start script
10 verbose stack Error: Exercise-1@1.0.0 start: `http-server -a 0.0.0.0 -p 8000`
10 verbose stack Exit status 1
10 verbose stack     at EventEmitter.<anonymous> (C:\dev\nodejs\node_modules\npm\lib\utils\lifecycle.js:213:16)
10 verbose stack     at EventEmitter.emit (events.js:110:17)
10 verbose stack     at ChildProcess.<anonymous> (C:\dev\nodejs\node_modules\npm\lib\utils\spawn.js:14:12)
10 verbose stack     at ChildProcess.emit (events.js:110:17)
10 verbose stack     at maybeClose (child_process.js:1008:16)
10 verbose stack     at Process.ChildProcess._handle.onexit (child_process.js:1080:5)
11 verbose pkgid Exercise-1@1.0.0
12 verbose cwd C:\WORK\Projects\CoderConf-2015\PracticalAngularJS\Exercise-1
13 error Windows_NT 6.1.7601
14 error argv "C:\\dev\\nodejs\\\\node.exe" "C:\\dev\\nodejs\\node_modules\\npm\\bin\\npm-cli.js" "start"
15 error node v0.12.0
16 error npm  v2.5.1
17 error code ELIFECYCLE
18 error Exercise-1@1.0.0 start: `http-server -a 0.0.0.0 -p 8000`
18 error Exit status 1
19 error Failed at the Exercise-1@1.0.0 start script 'http-server -a 0.0.0.0 -p 8000'.
19 error This is most likely a problem with the Exercise-1 package,
19 error not with npm itself.
19 error Tell the author that this fails on your system:
19 error     http-server -a 0.0.0.0 -p 8000
19 error You can get their info via:
19 error     npm owner ls Exercise-1
19 error There is likely additional logging output above.
20 verbose exit [ 1, true ]
